[04:11:11] [main/INFO]: Loading Minecraft 1.21.1 with Fabric Loader 0.16.3
[04:11:11] [main/INFO]: Loading 48 mods:
	- alternate-current 1.9.0
	- clumps 19.0.0.1
	- fabric-api 0.115.4+1.21.1
	   |-- fabric-api-base 0.4.42+6573ed8c19
	   |-- fabric-api-lookup-api-v1 1.6.70+b559734419
	   |-- fabric-biome-api-v1 13.0.31+d527f9fd19
	   |-- fabric-block-api-v1 1.0.22+0af3f5a719
	   |-- fabric-block-view-api-v2 1.0.11+ebb2264e19
	   |-- fabric-blockrenderlayer-v1 1.1.52+0af3f5a719
	   |-- fabric-client-tags-api-v1 1.1.15+6573ed8c19
	   |-- fabric-command-api-v1 1.2.49+f71b366f19
	   |-- fabric-command-api-v2 2.2.28+6ced4dd919
	   |-- fabric-commands-v0 0.2.66+df3654b319
	   |-- fabric-content-registries-v0 8.0.18+b559734419
	   |-- fabric-convention-tags-v1 2.1.4+7f945d5b19
	   |-- fabric-convention-tags-v2 2.11.0+a406e79519
	   |-- fabric-crash-report-info-v1 0.2.29+0af3f5a719
	   |-- fabric-data-attachment-api-v1 1.4.1+9ed317f519
	   |-- fabric-data-generation-api-v1 20.2.28+16c4ae2519
	   |-- fabric-dimensions-v1 4.0.0+6fc22b9919
	   |-- fabric-entity-events-v1 1.7.0+2122d82819
	   |-- fabric-events-interaction-v0 0.7.13+ba9dae0619
	   |-- fabric-game-rule-api-v1 1.0.53+6ced4dd919
	   |-- fabric-item-api-v1 11.1.1+d5debaed19
	   |-- fabric-item-group-api-v1 4.1.7+def88e3a19
	   |-- fabric-key-binding-api-v1 1.0.47+0af3f5a719
	   |-- fabric-keybindings-v0 0.2.45+df3654b319
	   |-- fabric-lifecycle-events-v1 2.5.0+01d9a51c19
	   |-- fabric-loot-api-v2 3.0.15+3f89f5a519
	   |-- fabric-loot-api-v3 1.0.3+3f89f5a519
	   |-- fabric-message-api-v1 6.0.13+6573ed8c19
	   |-- fabric-model-loading-api-v1 2.0.0+fe474d6b19
	   |-- fabric-networking-api-v1 4.3.0+c7469b2119
	   |-- fabric-object-builder-api-v1 15.2.1+40875a9319
	   |-- fabric-particles-v1 4.0.2+6573ed8c19
	   |-- fabric-recipe-api-v1 5.0.14+248df81c19
	   |-- fabric-registry-sync-v0 5.2.0+34f5d91419
	   |-- fabric-renderer-api-v1 3.4.0+c705a49c19
	   |-- fabric-renderer-indigo 1.7.0+c705a49c19
	   |-- fabric-renderer-registries-v1 3.2.68+df3654b319
	   |-- fabric-rendering-data-attachment-v1 0.3.49+73761d2e19
	   |-- fabric-rendering-fluids-v1 3.1.6+1daea21519
	   |-- fabric-rendering-v0 1.1.71+df3654b319
	   |-- fabric-rendering-v1 5.0.5+df16efd019
	   |-- fabric-resource-conditions-api-v1 4.3.0+8dc279b119
	   |-- fabric-resource-loader-v0 1.3.1+5b5275af19
	   |-- fabric-screen-api-v1 2.0.25+8b68f1c719
	   |-- fabric-screen-handler-api-v1 1.3.88+b559734419
	   |-- fabric-sound-api-v1 1.0.23+6573ed8c19
	   |-- fabric-transfer-api-v1 5.4.2+c24bd99419
	   \-- fabric-transitive-access-wideners-v1 6.2.0+45b9699719
	- fabricloader 0.16.3
	   \-- mixinextras 0.4.1
	- java 21
	- jei 19.21.0.247
	- journeymap 1.21.1-6.0.0-beta.44
	   |-- ar_com_hjg_pngj 2.1.0
	   |-- commonnetworking 1.0.18-1.21.1
	   \-- journeymap-api-fabric 2.0.0-1.21.1-SNAPSHOT
	- minecraft 1.21.1
[04:11:12] [main/INFO]: SpongePowered MIXIN Subsystem Version=0.8.7 Source=file:/workspaces/Server-Fabric/servidor_minecraft/libraries/net/fabricmc/sponge-mixin/0.15.2+mixin.0.8.7/sponge-mixin-0.15.2+mixin.0.8.7.jar Service=Knot/Fabric Env=SERVER
[04:11:12] [main/INFO]: Compatibility level set to JAVA_16
[04:11:12] [main/INFO]: Compatibility level set to JAVA_18
[04:11:12] [main/INFO]: Compatibility level set to JAVA_21
[04:11:12] [main/WARN]: Reference map 'journeymap-refmap.json' for journeymap.mixins.json could not be read. If this is a development environment you can ignore this message
[04:11:12] [main/WARN]: Reference map 'journeymap-refmap.json' for journeymap.fabric.mixins.json could not be read. If this is a development environment you can ignore this message
[04:11:13] [main/INFO]: Initializing MixinExtras via com.llamalad7.mixinextras.service.MixinExtrasServiceImpl(version=0.4.1).
[04:11:23] [main/INFO]: Initializing ServerSide Packet Registries
[04:11:23] [main/INFO]: Environment: Environment[sessionHost=https://sessionserver.mojang.com, servicesHost=https://api.minecraftservices.com, name=PROD]
[04:11:26] [main/INFO]: Loaded 1290 recipes
[04:11:26] [main/INFO]: Loaded 1399 advancements
[04:11:27] [main/INFO]: Applied 0 biome modifications to 0 of 64 new biomes in 1.466 ms
[04:11:27] [Server thread/INFO]: Starting minecraft server version 1.21.1
[04:11:27] [Server thread/INFO]: Loading properties
[04:11:27] [Server thread/INFO]: Default game type: SURVIVAL
[04:11:27] [Server thread/INFO]: Generating keypair
[04:11:27] [Server thread/INFO]: Starting Minecraft server on *:25565
[04:11:27] [Server thread/INFO]: Using epoll channel type
[04:11:27] [Server thread/WARN]: **** SERVER IS RUNNING IN OFFLINE/INSECURE MODE!
[04:11:27] [Server thread/WARN]: The server will make no attempt to authenticate usernames. Beware.
[04:11:27] [Server thread/WARN]: While this makes the game possible to play without internet access, it also opens up the ability for hackers to connect with any username they choose.
[04:11:27] [Server thread/WARN]: To change this, set "online-mode" to "true" in the server.properties file.
[04:11:27] [Server thread/INFO]: Preparing level "world"
[04:11:32] [Server thread/INFO]: Preparing start region for dimension minecraft:overworld
[04:11:32] [Worker-Main-2/INFO]: Preparing spawn area: 0%
[04:11:32] [Worker-Main-2/INFO]: Preparing spawn area: 0%
[04:11:33] [Worker-Main-2/INFO]: Preparing spawn area: 67%
[04:11:33] [Server thread/INFO]: Time elapsed: 1145 ms
[04:11:33] [Server thread/INFO]: Done (6.058s)! For help, type "help"
[04:11:33] [Server thread/INFO]: Loaded null for service interface journeymap.api.services.WebMapService
[04:11:33] [Server thread/INFO]: Loaded journeymap.common.helpers.FabricClientHooks@73dde732 for service interface journeymap.api.services.ClientPlatformService
[04:11:33] [Server thread/INFO]: Loaded journeymap.common.helpers.FabricHooks@19f185ee for service interface journeymap.api.services.CommonPlatformService
[04:13:11] [Server thread/INFO]: byronmhx[/100.106.54.31:50149] logged in with entity id 20 at (-948.549498558817, 93.0, -111.1068704501162)
[04:13:11] [Server thread/INFO]: byronmhx joined the game
[04:15:10] [Server thread/INFO]: sander[/100.111.215.7:52254] logged in with entity id 429 at (-26.650346957016612, 77.0, -42.971812305070465)
[04:15:10] [Server thread/INFO]: sander joined the game
[04:15:11] [Server thread/INFO]: byronmhx lost connection: Timed out
[04:15:11] [Server thread/INFO]: byronmhx left the game
[04:15:11] [Server thread/WARN]: handleDisconnection() called twice
[04:15:25] [Server thread/INFO]: byronmhx[/100.106.54.31:50156] logged in with entity id 650 at (-956.6976582989838, 92.0, -108.91051515708715)
[04:15:25] [Server thread/INFO]: byronmhx joined the game
[04:26:43] [Server thread/INFO]: sander has made the advancement [Best Friends Forever]
[04:30:10] [Server thread/INFO]: Villager class_1646['Villager'/1408, l='ServerLevel[world]', x=286.74, y=76.00, z=-247.53] died, message: 'Villager suffocated in a wall'
